<?xml version="1.0" encoding="UTF-8"?>
<testng-results skipped="0" failed="0" ignored="0" total="1" passed="1">
  <reporter-output>
  </reporter-output>
  <suite name="Default suite" duration-ms="7264" started-at="2019-06-02T18:36:25Z" finished-at="2019-06-02T18:36:32Z">
    <groups>
    </groups>
    <test name="Default test" duration-ms="7264" started-at="2019-06-02T18:36:25Z" finished-at="2019-06-02T18:36:32Z">
      <class name="com.class12.Task1">
        <test-method status="PASS" signature="loginOrangeHRM()[pri:0, instance:com.class12.Task1@7c16905e]" name="loginOrangeHRM" duration-ms="7246" started-at="2019-06-02T18:36:25Z" finished-at="2019-06-02T18:36:32Z">
          <reporter-output>
          </reporter-output>
        </test-method> <!-- loginOrangeHRM -->
      </class> <!-- com.class12.Task1 -->
    </test> <!-- Default test -->
  </suite> <!-- Default suite -->
</testng-results>
